<?xml version="1.0" encoding="UTF-8"?>
<testng-results ignored="0" total="1" passed="1" failed="0" skipped="0">
  <reporter-output>
  </reporter-output>
  <suite started-at="2023-07-07T19:23:08 IST" name="Default suite" finished-at="2023-07-07T19:23:21 IST" duration-ms="12916">
    <groups>
    </groups>
    <test started-at="2023-07-07T19:23:08 IST" name="Default test" finished-at="2023-07-07T19:23:21 IST" duration-ms="12916">
      <class name="Project1.Verify">
        <test-method signature="Multi()[pri:0, instance:Project1.Verify@4d5d943d]" started-at="2023-07-07T19:23:08 IST" name="Multi" finished-at="2023-07-07T19:23:20 IST" duration-ms="12859" status="PASS">
          <reporter-output>
          </reporter-output>
        </test-method> <!-- Multi -->
      </class> <!-- Project1.Verify -->
    </test> <!-- Default test -->
  </suite> <!-- Default suite -->
</testng-results>
